<?xml version="1.0" encoding="UTF-8"?>
<testng-results ignored="0" total="2" passed="2" failed="0" skipped="0">
  <reporter-output>
  </reporter-output>
  <suite started-at="2023-05-07T17:46:13 EDT" name="Default suite" finished-at="2023-05-07T17:46:29 EDT" duration-ms="15918">
    <groups>
    </groups>
    <test started-at="2023-05-07T17:46:13 EDT" name="Default test" finished-at="2023-05-07T17:46:29 EDT" duration-ms="15918">
      <class name="com.testng.studies.Pfizer.Pfizer_Tests">
        <test-method is-config="true" signature="startBrowser()[pri:0, instance:com.testng.studies.Pfizer.Pfizer_Tests@4659191b]" started-at="2023-05-07T17:46:14 EDT" name="startBrowser" finished-at="2023-05-07T17:46:22 EDT" duration-ms="8124" status="PASS">
          <reporter-output>
          </reporter-output>
        </test-method> <!-- startBrowser -->
        <test-method signature="test1()[pri:0, instance:com.testng.studies.Pfizer.Pfizer_Tests@4659191b]" started-at="2023-05-07T17:46:22 EDT" name="test1" description="As a user I should be able to search for vaccine information using a search icon." finished-at="2023-05-07T17:46:23 EDT" duration-ms="880" status="PASS">
          <reporter-output>
          </reporter-output>
        </test-method> <!-- test1 -->
        <test-method is-config="true" signature="tearDown()[pri:0, instance:com.testng.studies.Pfizer.Pfizer_Tests@4659191b]" started-at="2023-05-07T17:46:23 EDT" name="tearDown" finished-at="2023-05-07T17:46:23 EDT" duration-ms="358" status="PASS">
          <reporter-output>
          </reporter-output>
        </test-method> <!-- tearDown -->
        <test-method is-config="true" signature="startBrowser()[pri:0, instance:com.testng.studies.Pfizer.Pfizer_Tests@4659191b]" started-at="2023-05-07T17:46:23 EDT" name="startBrowser" finished-at="2023-05-07T17:46:29 EDT" duration-ms="5622" status="PASS">
          <reporter-output>
          </reporter-output>
        </test-method> <!-- startBrowser -->
        <test-method signature="test2()[pri:0, instance:com.testng.studies.Pfizer.Pfizer_Tests@4659191b]" started-at="2023-05-07T17:46:29 EDT" name="test2" description="As a user, I should be able to go on the Pfizer website in the careers functionality, and be able to access the Careers in PGS" finished-at="2023-05-07T17:46:29 EDT" duration-ms="511" status="PASS">
          <reporter-output>
          </reporter-output>
        </test-method> <!-- test2 -->
        <test-method is-config="true" signature="tearDown()[pri:0, instance:com.testng.studies.Pfizer.Pfizer_Tests@4659191b]" started-at="2023-05-07T17:46:29 EDT" name="tearDown" finished-at="2023-05-07T17:46:29 EDT" duration-ms="282" status="PASS">
          <reporter-output>
          </reporter-output>
        </test-method> <!-- tearDown -->
      </class> <!-- com.testng.studies.Pfizer.Pfizer_Tests -->
    </test> <!-- Default test -->
  </suite> <!-- Default suite -->
</testng-results>
